[0m21:35:10.228161 [debug] [MainThread]: Sending event: {'category': 'dbt', 'action': 'invocation', 'label': 'start', 'context': [<snowplow_tracker.self_describing_json.SelfDescribingJson object at 0x107111cd0>, <snowplow_tracker.self_describing_json.SelfDescribingJson object at 0x107f8eca0>, <snowplow_tracker.self_describing_json.SelfDescribingJson object at 0x107f8ee80>]}


============================== 21:35:10.234353 | e75fd4b0-c546-4ccd-92f0-ce8fd47e782d ==============================
[0m21:35:10.234353 [info ] [MainThread]: Running with dbt=1.9.2
[0m21:35:10.235125 [debug] [MainThread]: running dbt with arguments {'printer_width': '80', 'indirect_selection': 'eager', 'write_json': 'True', 'log_cache_events': 'False', 'partial_parse': 'True', 'cache_selected_only': 'False', 'profiles_dir': '/Users/ba331c/.dbt', 'debug': 'False', 'version_check': 'True', 'log_path': 'logs', 'fail_fast': 'False', 'warn_error': 'None', 'use_colors': 'True', 'use_experimental_parser': 'False', 'empty': 'None', 'quiet': 'False', 'no_print': 'None', 'log_format': 'default', 'static_parser': 'True', 'invocation_command': 'dbt init air_boltic_dbt', 'introspect': 'True', 'target_path': 'None', 'warn_error_options': 'WarnErrorOptions(include=[], exclude=[])', 'send_anonymous_usage_stats': 'True'}
[0m21:35:10.264017 [debug] [MainThread]: Starter project path: /Users/ba331c/Library/Python/3.9/lib/python/site-packages/dbt/include/starter_project
[0m21:35:10.277809 [info ] [MainThread]: 
Your new dbt project "air_boltic_dbt" was created!

For more information on how to configure the profiles.yml file,
please consult the dbt documentation here:

  https://docs.getdbt.com/docs/configure-your-profile

One more thing:

Need help? Don't hesitate to reach out to us via GitHub issues or on Slack:

  https://community.getdbt.com/

Happy modeling!

[0m21:35:10.278642 [info ] [MainThread]: Setting up your profile.
[0m21:35:12.955085 [debug] [MainThread]: Spark adapter: Setting pyhive.hive logging to ERROR
[0m21:35:12.955631 [debug] [MainThread]: Spark adapter: Setting thrift.transport logging to ERROR
[0m21:35:12.956035 [debug] [MainThread]: Spark adapter: Setting thrift.protocol logging to ERROR
[0m21:36:04.128779 [info ] [MainThread]: Profile air_boltic_dbt written to /Users/ba331c/.dbt/profiles.yml using target's profile_template.yml and your supplied values. Run 'dbt debug' to validate the connection.
[0m21:36:04.131749 [debug] [MainThread]: Resource report: {"command_name": "init", "command_success": true, "command_wall_clock_time": 53.99159, "process_in_blocks": "0", "process_kernel_time": 0.901572, "process_mem_max_rss": "187805696", "process_out_blocks": "0", "process_user_time": 3.510681}
[0m21:36:04.132910 [debug] [MainThread]: Command `dbt init` succeeded at 21:36:04.132642 after 53.99 seconds
[0m21:36:04.133825 [debug] [MainThread]: Sending event: {'category': 'dbt', 'action': 'invocation', 'label': 'end', 'context': [<snowplow_tracker.self_describing_json.SelfDescribingJson object at 0x107111cd0>, <snowplow_tracker.self_describing_json.SelfDescribingJson object at 0x107f79580>, <snowplow_tracker.self_describing_json.SelfDescribingJson object at 0x107f6b670>]}
[0m21:36:04.134518 [debug] [MainThread]: Flushing usage events
[0m21:36:04.733650 [debug] [MainThread]: An error was encountered while trying to flush usage events
